[debug] [2020-02-02T06:45:01.629Z] ----------------------------------------------------------------------
[debug] [2020-02-02T06:45:01.634Z] Command:       /usr/local/bin/node /Users/charlie/.npm-global/bin/firebase serve --only functions
[debug] [2020-02-02T06:45:01.634Z] CLI Version:   7.12.1
[debug] [2020-02-02T06:45:01.634Z] Platform:      darwin
[debug] [2020-02-02T06:45:01.635Z] Node Version:  v10.16.3
[debug] [2020-02-02T06:45:01.655Z] Time:          Sat Feb 01 2020 23:45:01 GMT-0700 (Mountain Standard Time)
[debug] [2020-02-02T06:45:01.655Z] ----------------------------------------------------------------------
[debug] [2020-02-02T06:45:01.655Z] 
[debug] [2020-02-02T06:45:01.828Z] > command requires scopes: ["email","openid","https://www.googleapis.com/auth/cloudplatformprojects.readonly","https://www.googleapis.com/auth/firebase","https://www.googleapis.com/auth/cloud-platform"]
[debug] [2020-02-02T06:45:01.829Z] > authorizing via signed-in user
[debug] [2020-02-02T06:45:01.829Z] [iam] checking project loveapi for permissions ["firebase.projects.get"]
[debug] [2020-02-02T06:45:01.833Z] > refreshing access token with scopes: ["email","https://www.googleapis.com/auth/cloud-platform","https://www.googleapis.com/auth/cloudplatformprojects.readonly","https://www.googleapis.com/auth/firebase","openid"]
[debug] [2020-02-02T06:45:01.834Z] >>> HTTP REQUEST POST https://www.googleapis.com/oauth2/v3/token  
 <request body omitted>
[debug] [2020-02-02T06:45:02.150Z] <<< HTTP RESPONSE 200
[debug] [2020-02-02T06:45:02.268Z] >>> HTTP REQUEST POST https://cloudresourcemanager.googleapis.com/v1/projects/loveapi:testIamPermissions  

[debug] [2020-02-02T06:45:05.323Z] <<< HTTP RESPONSE 200
[debug] [2020-02-02T06:45:05.326Z] >>> HTTP REQUEST GET https://firebase.googleapis.com/v1beta1/projects/loveapi  
 
[debug] [2020-02-02T06:45:05.743Z] <<< HTTP RESPONSE 200
[warn] ⚠  Your requested "node" version "8" doesn't match your global version "10"
[info] ✔  functions: Emulator started at http://localhost:5000
[info] i  functions: Watching "/Users/charlie/Desktop/loveAPI/functions" for Cloud Functions...
[debug] [2020-02-02T06:45:06.339Z] [worker-pool] addWorker(~diagnostic~)
[debug] [2020-02-02T06:45:06.340Z] [worker-pool] Adding worker with key ~diagnostic~, total=1
[debug] [2020-02-02T06:45:06.340Z] [worker-pool] submitWork(triggerId=)
[debug] [2020-02-02T06:45:06.341Z] [worker-~diagnostic~-9f26b63e-1d6d-4787-8217-8951f7f49234]: Assigning socketPath: /var/folders/3p/bpg6nqtn76qfmqkt1qtjwgr40000gn/T/fire_emu_73639.sock
[debug] [2020-02-02T06:45:06.342Z] [worker-~diagnostic~-9f26b63e-1d6d-4787-8217-8951f7f49234]: BUSY
[debug] [2020-02-02T06:45:20.368Z] [runtime-status] [73639] Functions runtime initialized. {"cwd":"/Users/charlie/Desktop/loveAPI/functions","node_version":"10.16.3"}
[debug] [2020-02-02T06:45:20.370Z] [runtime-status] [73639] Disabled runtime features: {"functions_config_helper":true,"network_filtering":true,"timeout":true,"memory_limiting":true,"admin_stubs":true,"pubsub_emulator":true}
[debug] [2020-02-02T06:45:20.468Z] [runtime-status] [73639] Resolved module firebase-admin {"declared":true,"installed":true,"version":"8.9.2","resolution":"/Users/charlie/Desktop/loveAPI/functions/node_modules/firebase-admin/lib/index.js"}
[debug] [2020-02-02T06:45:20.511Z] [runtime-status] [73639] Resolved module firebase-functions {"declared":true,"installed":true,"version":"3.3.0","resolution":"/Users/charlie/Desktop/loveAPI/functions/node_modules/firebase-functions/lib/index.js"}
[debug] [2020-02-02T06:45:20.513Z] [runtime-status] [73639] Resolved module firebase-functions {"declared":true,"installed":true,"version":"3.3.0","resolution":"/Users/charlie/Desktop/loveAPI/functions/node_modules/firebase-functions/lib/index.js"}
[warn] ⚠  /Users/charlie/Desktop/loveAPI/functions/index.js:14
const admin =require('firebase-admin');
      ^

SyntaxError: Identifier 'admin' has already been declared
    at Module._compile (internal/modules/cjs/loader.js:723:23)
    at Object.Module._extensions..js (internal/modules/cjs/loader.js:789:10)
    at Module.load (internal/modules/cjs/loader.js:653:32)
    at tryModuleLoad (internal/modules/cjs/loader.js:593:12)
    at Function.Module._load (internal/modules/cjs/loader.js:585:3)
    at Module.require (internal/modules/cjs/loader.js:692:17)
    at require (internal/modules/cjs/helpers.js:25:18)
    at /Users/charlie/.npm-global/lib/node_modules/firebase-tools/lib/emulator/functionsEmulatorRuntime.js:718:33
    at Generator.next (<anonymous>)
    at fulfilled (/Users/charlie/.npm-global/lib/node_modules/firebase-tools/lib/emulator/functionsEmulatorRuntime.js:4:58)
[warn] ⚠  We were unable to load your functions code. (see above)
[debug] [2020-02-02T06:45:21.830Z] [worker-~diagnostic~-9f26b63e-1d6d-4787-8217-8951f7f49234]: exited
[debug] [2020-02-02T06:45:21.830Z] [worker-~diagnostic~-9f26b63e-1d6d-4787-8217-8951f7f49234]: FINISHED
[debug] [2020-02-02T06:46:04.304Z] File /Users/charlie/Desktop/loveAPI/functions/index.js changed, reloading triggers
[debug] [2020-02-02T06:46:04.408Z] File /Users/charlie/Desktop/loveAPI/functions/index.js changed, reloading triggers
[debug] [2020-02-02T06:46:05.412Z] [worker-pool] Cleaned up workers for ~diagnostic~: 1 --> 0
[debug] [2020-02-02T06:46:05.438Z] [worker-pool] addWorker(~diagnostic~)
[debug] [2020-02-02T06:46:05.439Z] [worker-pool] Adding worker with key ~diagnostic~, total=1
[debug] [2020-02-02T06:46:05.439Z] [worker-pool] submitWork(triggerId=)
[debug] [2020-02-02T06:46:05.439Z] [worker-~diagnostic~-b82b9e0b-b68b-473e-9653-9c7e85d7dfde]: Assigning socketPath: /var/folders/3p/bpg6nqtn76qfmqkt1qtjwgr40000gn/T/fire_emu_73655.sock
[debug] [2020-02-02T06:46:05.439Z] [worker-~diagnostic~-b82b9e0b-b68b-473e-9653-9c7e85d7dfde]: BUSY
[debug] [2020-02-02T06:46:13.291Z] File /Users/charlie/Desktop/loveAPI/functions/index.js changed, reloading triggers
[debug] [2020-02-02T06:46:14.293Z] [worker-pool] Marking BUSY worker to finish (~diagnostic~)
[debug] [2020-02-02T06:46:14.294Z] [worker-~diagnostic~-b82b9e0b-b68b-473e-9653-9c7e85d7dfde]: FINISHING
[debug] [2020-02-02T06:46:14.415Z] [worker-pool] addWorker(~diagnostic~)
[debug] [2020-02-02T06:46:14.415Z] [worker-pool] Adding worker with key ~diagnostic~, total=2
[debug] [2020-02-02T06:46:14.415Z] [worker-pool] submitWork(triggerId=)
[debug] [2020-02-02T06:46:14.416Z] [worker-~diagnostic~-2e10b7de-b65b-4ab1-bdac-3a09796c98a6]: Assigning socketPath: /var/folders/3p/bpg6nqtn76qfmqkt1qtjwgr40000gn/T/fire_emu_73658.sock
[debug] [2020-02-02T06:46:14.416Z] [worker-~diagnostic~-2e10b7de-b65b-4ab1-bdac-3a09796c98a6]: BUSY
[debug] [2020-02-02T06:46:17.748Z] [runtime-status] [73655] Functions runtime initialized. {"cwd":"/Users/charlie/Desktop/loveAPI/functions","node_version":"10.16.3"}
[debug] [2020-02-02T06:46:17.751Z] [runtime-status] [73655] Disabled runtime features: {"functions_config_helper":true,"network_filtering":true,"timeout":true,"memory_limiting":true,"admin_stubs":true,"pubsub_emulator":true}
[debug] [2020-02-02T06:46:17.798Z] [runtime-status] [73655] Resolved module firebase-admin {"declared":true,"installed":true,"version":"8.9.2","resolution":"/Users/charlie/Desktop/loveAPI/functions/node_modules/firebase-admin/lib/index.js"}
[debug] [2020-02-02T06:46:17.813Z] [runtime-status] [73655] Resolved module firebase-functions {"declared":true,"installed":true,"version":"3.3.0","resolution":"/Users/charlie/Desktop/loveAPI/functions/node_modules/firebase-functions/lib/index.js"}
[debug] [2020-02-02T06:46:17.813Z] [runtime-status] [73655] Resolved module firebase-functions {"declared":true,"installed":true,"version":"3.3.0","resolution":"/Users/charlie/Desktop/loveAPI/functions/node_modules/firebase-functions/lib/index.js"}
[warn] ⚠  Error: Cannot find module 'path/to/serviceAccountKey.json'
    at Function.Module._resolveFilename (internal/modules/cjs/loader.js:636:15)
    at Function.Module._load (internal/modules/cjs/loader.js:562:25)
    at Module.require (internal/modules/cjs/loader.js:692:17)
    at require (internal/modules/cjs/helpers.js:25:18)
    at Object.<anonymous> (/Users/charlie/Desktop/loveAPI/functions/index.js:3:22)
    at Module._compile (internal/modules/cjs/loader.js:778:30)
    at Object.Module._extensions..js (internal/modules/cjs/loader.js:789:10)
    at Module.load (internal/modules/cjs/loader.js:653:32)
    at tryModuleLoad (internal/modules/cjs/loader.js:593:12)
    at Function.Module._load (internal/modules/cjs/loader.js:585:3)
[warn] ⚠  We were unable to load your functions code. (see above)
[debug] [2020-02-02T06:46:18.642Z] [worker-~diagnostic~-b82b9e0b-b68b-473e-9653-9c7e85d7dfde]: exited
[debug] [2020-02-02T06:46:18.642Z] [worker-~diagnostic~-b82b9e0b-b68b-473e-9653-9c7e85d7dfde]: FINISHED
[debug] [2020-02-02T06:46:24.694Z] [runtime-status] [73658] Functions runtime initialized. {"cwd":"/Users/charlie/Desktop/loveAPI/functions","node_version":"10.16.3"}
[debug] [2020-02-02T06:46:24.697Z] [runtime-status] [73658] Disabled runtime features: {"functions_config_helper":true,"network_filtering":true,"timeout":true,"memory_limiting":true,"admin_stubs":true,"pubsub_emulator":true}
[debug] [2020-02-02T06:46:24.700Z] [runtime-status] [73658] Resolved module firebase-admin {"declared":true,"installed":true,"version":"8.9.2","resolution":"/Users/charlie/Desktop/loveAPI/functions/node_modules/firebase-admin/lib/index.js"}
[debug] [2020-02-02T06:46:24.702Z] [runtime-status] [73658] Resolved module firebase-functions {"declared":true,"installed":true,"version":"3.3.0","resolution":"/Users/charlie/Desktop/loveAPI/functions/node_modules/firebase-functions/lib/index.js"}
[debug] [2020-02-02T06:46:24.703Z] [runtime-status] [73658] Resolved module firebase-functions {"declared":true,"installed":true,"version":"3.3.0","resolution":"/Users/charlie/Desktop/loveAPI/functions/node_modules/firebase-functions/lib/index.js"}
[warn] ⚠  Error: Cannot find module 'path/to/serviceAccountKey.json'
    at Function.Module._resolveFilename (internal/modules/cjs/loader.js:636:15)
    at Function.Module._load (internal/modules/cjs/loader.js:562:25)
    at Module.require (internal/modules/cjs/loader.js:692:17)
    at require (internal/modules/cjs/helpers.js:25:18)
    at Object.<anonymous> (/Users/charlie/Desktop/loveAPI/functions/index.js:3:22)
    at Module._compile (internal/modules/cjs/loader.js:778:30)
    at Object.Module._extensions..js (internal/modules/cjs/loader.js:789:10)
    at Module.load (internal/modules/cjs/loader.js:653:32)
    at tryModuleLoad (internal/modules/cjs/loader.js:593:12)
    at Function.Module._load (internal/modules/cjs/loader.js:585:3)
[warn] ⚠  We were unable to load your functions code. (see above)
[debug] [2020-02-02T06:46:25.675Z] [worker-~diagnostic~-2e10b7de-b65b-4ab1-bdac-3a09796c98a6]: exited
[debug] [2020-02-02T06:46:25.675Z] [worker-~diagnostic~-2e10b7de-b65b-4ab1-bdac-3a09796c98a6]: FINISHED
[debug] [2020-02-02T06:47:34.621Z] File /Users/charlie/Desktop/loveAPI/functions/Key.js changed, reloading triggers
[debug] [2020-02-02T06:47:35.634Z] [worker-pool] Cleaned up workers for ~diagnostic~: 2 --> 0
[debug] [2020-02-02T06:47:35.648Z] [worker-pool] addWorker(~diagnostic~)
[debug] [2020-02-02T06:47:35.649Z] [worker-pool] Adding worker with key ~diagnostic~, total=1
[debug] [2020-02-02T06:47:35.649Z] [worker-pool] submitWork(triggerId=)
[debug] [2020-02-02T06:47:35.650Z] [worker-~diagnostic~-8fba46d9-4a3d-4a2e-829a-9d66264b22be]: Assigning socketPath: /var/folders/3p/bpg6nqtn76qfmqkt1qtjwgr40000gn/T/fire_emu_73680.sock
[debug] [2020-02-02T06:47:35.650Z] [worker-~diagnostic~-8fba46d9-4a3d-4a2e-829a-9d66264b22be]: BUSY
[debug] [2020-02-02T06:47:48.118Z] [runtime-status] [73680] Functions runtime initialized. {"cwd":"/Users/charlie/Desktop/loveAPI/functions","node_version":"10.16.3"}
[debug] [2020-02-02T06:47:48.126Z] [runtime-status] [73680] Disabled runtime features: {"functions_config_helper":true,"network_filtering":true,"timeout":true,"memory_limiting":true,"admin_stubs":true,"pubsub_emulator":true}
[debug] [2020-02-02T06:47:48.144Z] [runtime-status] [73680] Resolved module firebase-admin {"declared":true,"installed":true,"version":"8.9.2","resolution":"/Users/charlie/Desktop/loveAPI/functions/node_modules/firebase-admin/lib/index.js"}
[debug] [2020-02-02T06:47:48.146Z] [runtime-status] [73680] Resolved module firebase-functions {"declared":true,"installed":true,"version":"3.3.0","resolution":"/Users/charlie/Desktop/loveAPI/functions/node_modules/firebase-functions/lib/index.js"}
[debug] [2020-02-02T06:47:48.147Z] [runtime-status] [73680] Resolved module firebase-functions {"declared":true,"installed":true,"version":"3.3.0","resolution":"/Users/charlie/Desktop/loveAPI/functions/node_modules/firebase-functions/lib/index.js"}
[warn] ⚠  Error: Cannot find module 'path/to/serviceAccountKey.json'
    at Function.Module._resolveFilename (internal/modules/cjs/loader.js:636:15)
    at Function.Module._load (internal/modules/cjs/loader.js:562:25)
    at Module.require (internal/modules/cjs/loader.js:692:17)
    at require (internal/modules/cjs/helpers.js:25:18)
    at Object.<anonymous> (/Users/charlie/Desktop/loveAPI/functions/index.js:3:22)
    at Module._compile (internal/modules/cjs/loader.js:778:30)
    at Object.Module._extensions..js (internal/modules/cjs/loader.js:789:10)
    at Module.load (internal/modules/cjs/loader.js:653:32)
    at tryModuleLoad (internal/modules/cjs/loader.js:593:12)
    at Function.Module._load (internal/modules/cjs/loader.js:585:3)
[warn] ⚠  We were unable to load your functions code. (see above)
[debug] [2020-02-02T06:47:48.981Z] [worker-~diagnostic~-8fba46d9-4a3d-4a2e-829a-9d66264b22be]: exited
[debug] [2020-02-02T06:47:48.982Z] [worker-~diagnostic~-8fba46d9-4a3d-4a2e-829a-9d66264b22be]: FINISHED
[debug] [2020-02-02T06:50:40.740Z] File /Users/charlie/Desktop/loveAPI/functions/index.js changed, reloading triggers
[debug] [2020-02-02T06:50:41.747Z] [worker-pool] Cleaned up workers for ~diagnostic~: 1 --> 0
[debug] [2020-02-02T06:50:41.812Z] [worker-pool] addWorker(~diagnostic~)
[debug] [2020-02-02T06:50:41.812Z] [worker-pool] Adding worker with key ~diagnostic~, total=1
[debug] [2020-02-02T06:50:41.812Z] [worker-pool] submitWork(triggerId=)
[debug] [2020-02-02T06:50:41.813Z] [worker-~diagnostic~-12649151-30ad-45c2-afc6-d84096886bed]: Assigning socketPath: /var/folders/3p/bpg6nqtn76qfmqkt1qtjwgr40000gn/T/fire_emu_73727.sock
[debug] [2020-02-02T06:50:41.813Z] [worker-~diagnostic~-12649151-30ad-45c2-afc6-d84096886bed]: BUSY
[debug] [2020-02-02T06:50:45.617Z] [runtime-status] [73727] Functions runtime initialized. {"cwd":"/Users/charlie/Desktop/loveAPI/functions","node_version":"10.16.3"}
[debug] [2020-02-02T06:50:45.621Z] [runtime-status] [73727] Disabled runtime features: {"functions_config_helper":true,"network_filtering":true,"timeout":true,"memory_limiting":true,"admin_stubs":true,"pubsub_emulator":true}
[debug] [2020-02-02T06:50:45.652Z] [runtime-status] [73727] Resolved module firebase-admin {"declared":true,"installed":true,"version":"8.9.2","resolution":"/Users/charlie/Desktop/loveAPI/functions/node_modules/firebase-admin/lib/index.js"}
[debug] [2020-02-02T06:50:45.654Z] [runtime-status] [73727] Resolved module firebase-functions {"declared":true,"installed":true,"version":"3.3.0","resolution":"/Users/charlie/Desktop/loveAPI/functions/node_modules/firebase-functions/lib/index.js"}
[debug] [2020-02-02T06:50:45.655Z] [runtime-status] [73727] Resolved module firebase-functions {"declared":true,"installed":true,"version":"3.3.0","resolution":"/Users/charlie/Desktop/loveAPI/functions/node_modules/firebase-functions/lib/index.js"}
[info] ✔  functions[app]: http function initialized (http://localhost:5000/loveapi/us-central1/app).
[debug] [2020-02-02T06:50:52.672Z] [worker-~diagnostic~-12649151-30ad-45c2-afc6-d84096886bed]: IDLE
[debug] [2020-02-02T06:51:32.551Z] File /Users/charlie/Desktop/loveAPI/functions/index.js changed, reloading triggers
[debug] [2020-02-02T06:51:33.558Z] [worker-pool] Shutting down IDLE worker (~diagnostic~)
[debug] [2020-02-02T06:51:33.559Z] [worker-~diagnostic~-12649151-30ad-45c2-afc6-d84096886bed]: FINISHING
[debug] [2020-02-02T06:51:33.645Z] [worker-pool] addWorker(~diagnostic~)
[debug] [2020-02-02T06:51:33.646Z] [worker-pool] Adding worker with key ~diagnostic~, total=2
[debug] [2020-02-02T06:51:33.650Z] [worker-pool] submitWork(triggerId=)
[debug] [2020-02-02T06:51:33.650Z] [worker-~diagnostic~-413ea1ed-eb3a-4cf3-ae5d-713fd28e352a]: Assigning socketPath: /var/folders/3p/bpg6nqtn76qfmqkt1qtjwgr40000gn/T/fire_emu_73745.sock
[debug] [2020-02-02T06:51:33.650Z] [worker-~diagnostic~-413ea1ed-eb3a-4cf3-ae5d-713fd28e352a]: BUSY
[debug] [2020-02-02T06:51:33.653Z] [worker-~diagnostic~-12649151-30ad-45c2-afc6-d84096886bed]: exited
[debug] [2020-02-02T06:51:33.654Z] [worker-~diagnostic~-12649151-30ad-45c2-afc6-d84096886bed]: FINISHED
[debug] [2020-02-02T06:51:37.670Z] [runtime-status] [73745] Functions runtime initialized. {"cwd":"/Users/charlie/Desktop/loveAPI/functions","node_version":"10.16.3"}
[debug] [2020-02-02T06:51:37.674Z] [runtime-status] [73745] Disabled runtime features: {"functions_config_helper":true,"network_filtering":true,"timeout":true,"memory_limiting":true,"admin_stubs":true,"pubsub_emulator":true}
[debug] [2020-02-02T06:51:37.677Z] [runtime-status] [73745] Resolved module firebase-admin {"declared":true,"installed":true,"version":"8.9.2","resolution":"/Users/charlie/Desktop/loveAPI/functions/node_modules/firebase-admin/lib/index.js"}
[debug] [2020-02-02T06:51:37.679Z] [runtime-status] [73745] Resolved module firebase-functions {"declared":true,"installed":true,"version":"3.3.0","resolution":"/Users/charlie/Desktop/loveAPI/functions/node_modules/firebase-functions/lib/index.js"}
[debug] [2020-02-02T06:51:37.680Z] [runtime-status] [73745] Resolved module firebase-functions {"declared":true,"installed":true,"version":"3.3.0","resolution":"/Users/charlie/Desktop/loveAPI/functions/node_modules/firebase-functions/lib/index.js"}
[debug] [2020-02-02T06:51:44.286Z] [worker-~diagnostic~-413ea1ed-eb3a-4cf3-ae5d-713fd28e352a]: IDLE
[debug] [2020-02-02T06:53:44.063Z] [work-queue] {"queueLength":1,"workRunningCount":0}
[debug] [2020-02-02T06:53:44.064Z] [work-queue] {"queueLength":0,"workRunningCount":1}
[debug] [2020-02-02T06:53:44.071Z] Accepted request GET /loveapi/us-central1/app/get/hello-world --> app
[debug] [2020-02-02T06:53:44.072Z] [worker-pool] Cleaned up workers for ~diagnostic~: 2 --> 1
[debug] [2020-02-02T06:53:44.144Z] [worker-pool] addWorker(app)
[debug] [2020-02-02T06:53:44.144Z] [worker-pool] Adding worker with key app, total=1
[debug] [2020-02-02T06:53:44.144Z] [worker-pool] submitWork(triggerId=app)
[debug] [2020-02-02T06:53:44.145Z] [worker-app-6c977bf6-4e30-4e3b-9355-b0c554d3f2b0]: Assigning socketPath: /var/folders/3p/bpg6nqtn76qfmqkt1qtjwgr40000gn/T/fire_emu_73775.sock
[debug] [2020-02-02T06:53:44.145Z] [worker-app-6c977bf6-4e30-4e3b-9355-b0c554d3f2b0]: BUSY
[debug] [2020-02-02T06:53:47.666Z] [runtime-status] [73775] Functions runtime initialized. {"cwd":"/Users/charlie/Desktop/loveAPI/functions","node_version":"10.16.3"}
[debug] [2020-02-02T06:53:47.670Z] [runtime-status] [73775] Disabled runtime features: {"functions_config_helper":true,"network_filtering":true,"timeout":true,"memory_limiting":true,"admin_stubs":true,"pubsub_emulator":true}
[debug] [2020-02-02T06:53:47.701Z] [runtime-status] [73775] Resolved module firebase-admin {"declared":true,"installed":true,"version":"8.9.2","resolution":"/Users/charlie/Desktop/loveAPI/functions/node_modules/firebase-admin/lib/index.js"}
[debug] [2020-02-02T06:53:47.704Z] [runtime-status] [73775] Resolved module firebase-functions {"declared":true,"installed":true,"version":"3.3.0","resolution":"/Users/charlie/Desktop/loveAPI/functions/node_modules/firebase-functions/lib/index.js"}
[debug] [2020-02-02T06:53:47.706Z] [runtime-status] [73775] Resolved module firebase-functions {"declared":true,"installed":true,"version":"3.3.0","resolution":"/Users/charlie/Desktop/loveAPI/functions/node_modules/firebase-functions/lib/index.js"}
[debug] [2020-02-02T06:53:53.340Z] [runtime-status] [73775] Trigger "app" has been found, beginning invocation!
[info] i  functions: Beginning execution of "app"
[debug] [2020-02-02T06:53:53.346Z] [runtime-status] [73775] triggerDefinition {"httpsTrigger":{},"name":"app","entryPoint":"app"}
[debug] [2020-02-02T06:53:53.346Z] [runtime-status] [73775] Running app in mode HTTPS
[debug] [2020-02-02T06:53:53.402Z] [runtime-status] [73775] Attempting to listen to socketPath: /var/folders/3p/bpg6nqtn76qfmqkt1qtjwgr40000gn/T/fire_emu_73775.sock
[debug] [2020-02-02T06:53:53.443Z] [functions] Runtime ready! Sending request!
[debug] [2020-02-02T06:53:53.513Z] [runtime-status] [73775] Ephemeral server handling GET request
[debug] [2020-02-02T06:53:53.532Z] [runtime-status] [73775] Ephemeral server survived.
[info] i  functions: Finished "app" in ~1s
[debug] [2020-02-02T06:53:53.536Z] [worker-app-6c977bf6-4e30-4e3b-9355-b0c554d3f2b0]: IDLE
[debug] [2020-02-02T06:53:53.537Z] [work-queue] {"queueLength":0,"workRunningCount":0}
[debug] [2020-02-02T06:55:27.143Z] [work-queue] {"queueLength":1,"workRunningCount":0}
[debug] [2020-02-02T06:55:27.148Z] [work-queue] {"queueLength":0,"workRunningCount":1}
[debug] [2020-02-02T06:55:27.148Z] Accepted request POST /loveapi/us-central1/app/api/create --> app
[debug] [2020-02-02T06:55:27.148Z] [worker-pool] submitWork(triggerId=app)
[debug] [2020-02-02T06:55:27.148Z] [worker-app-6c977bf6-4e30-4e3b-9355-b0c554d3f2b0]: Assigning socketPath: /var/folders/3p/bpg6nqtn76qfmqkt1qtjwgr40000gn/T/fire_emu_73775.sock
[debug] [2020-02-02T06:55:27.148Z] [worker-app-6c977bf6-4e30-4e3b-9355-b0c554d3f2b0]: BUSY
[debug] [2020-02-02T06:55:27.169Z] [runtime-status] [73775] Trigger "app" has been found, beginning invocation!
[info] i  functions: Beginning execution of "app"
[debug] [2020-02-02T06:55:27.175Z] [runtime-status] [73775] triggerDefinition {"httpsTrigger":{},"name":"app","entryPoint":"app"}
[debug] [2020-02-02T06:55:27.175Z] [runtime-status] [73775] Running app in mode HTTPS
[debug] [2020-02-02T06:55:27.176Z] [runtime-status] [73775] Attempting to listen to socketPath: /var/folders/3p/bpg6nqtn76qfmqkt1qtjwgr40000gn/T/fire_emu_73775.sock
[debug] [2020-02-02T06:55:27.248Z] [functions] Runtime ready! Sending request!
[debug] [2020-02-02T06:55:27.306Z] [runtime-status] [73775] Ephemeral server handling POST request
[info] >  Error: Value for argument "data" is not a valid Firestore document. Cannot use "undefined" as a Firestore value (found in field "item").
[info] >      at Object.validateUserInput (/Users/charlie/Desktop/loveAPI/functions/node_modules/@google-cloud/firestore/build/src/serializer.js:260:15)
[info] >      at validateDocumentData (/Users/charlie/Desktop/loveAPI/functions/node_modules/@google-cloud/firestore/build/src/write-batch.js:620:22)
[info] >      at WriteBatch.create (/Users/charlie/Desktop/loveAPI/functions/node_modules/@google-cloud/firestore/build/src/write-batch.js:141:9)
[info] >      at DocumentReference.create (/Users/charlie/Desktop/loveAPI/functions/node_modules/@google-cloud/firestore/build/src/reference.js:282:14)
[info] >      at /Users/charlie/Desktop/loveAPI/functions/index.js:28:14
[info] >      at app.post (/Users/charlie/Desktop/loveAPI/functions/index.js:34:7)
[info] >      at Layer.handle [as handle_request] (/Users/charlie/Desktop/loveAPI/functions/node_modules/express/lib/router/layer.js:95:5)
[info] >      at next (/Users/charlie/Desktop/loveAPI/functions/node_modules/express/lib/router/route.js:137:13)
[info] >      at Route.dispatch (/Users/charlie/Desktop/loveAPI/functions/node_modules/express/lib/router/route.js:112:3)
[info] >      at Layer.handle [as handle_request] (/Users/charlie/Desktop/loveAPI/functions/node_modules/express/lib/router/layer.js:95:5)
[debug] [2020-02-02T06:55:27.369Z] [runtime-status] [73775] Ephemeral server survived.
[info] i  functions: Finished "app" in ~1s
[debug] [2020-02-02T06:55:27.370Z] [worker-app-6c977bf6-4e30-4e3b-9355-b0c554d3f2b0]: IDLE
[debug] [2020-02-02T06:55:27.370Z] [work-queue] {"queueLength":0,"workRunningCount":0}
[debug] [2020-02-02T07:00:18.337Z] [work-queue] {"queueLength":1,"workRunningCount":0}
[debug] [2020-02-02T07:00:18.340Z] [work-queue] {"queueLength":0,"workRunningCount":1}
[debug] [2020-02-02T07:00:18.341Z] Accepted request POST /loveapi/us-central1/app/api/create?id=0&item=first%20item --> app
[debug] [2020-02-02T07:00:18.342Z] [worker-pool] submitWork(triggerId=app)
[debug] [2020-02-02T07:00:18.343Z] [worker-app-6c977bf6-4e30-4e3b-9355-b0c554d3f2b0]: Assigning socketPath: /var/folders/3p/bpg6nqtn76qfmqkt1qtjwgr40000gn/T/fire_emu_73775.sock
[debug] [2020-02-02T07:00:18.343Z] [worker-app-6c977bf6-4e30-4e3b-9355-b0c554d3f2b0]: BUSY
[debug] [2020-02-02T07:00:18.352Z] [runtime-status] [73775] Trigger "app" has been found, beginning invocation!
[info] i  functions: Beginning execution of "app"
[debug] [2020-02-02T07:00:18.362Z] [runtime-status] [73775] triggerDefinition {"httpsTrigger":{},"name":"app","entryPoint":"app"}
[debug] [2020-02-02T07:00:18.362Z] [runtime-status] [73775] Running app in mode HTTPS
[debug] [2020-02-02T07:00:18.365Z] [runtime-status] [73775] Attempting to listen to socketPath: /var/folders/3p/bpg6nqtn76qfmqkt1qtjwgr40000gn/T/fire_emu_73775.sock
[debug] [2020-02-02T07:00:18.384Z] [functions] Runtime ready! Sending request!
[debug] [2020-02-02T07:00:18.492Z] [runtime-status] [73775] Ephemeral server handling POST request
[debug] [2020-02-02T07:00:18.493Z] [runtime-status] [73775] Ephemeral server survived.
[info] >  Error: Value for argument "data" is not a valid Firestore document. Cannot use "undefined" as a Firestore value (found in field "item").
[info] >      at Object.validateUserInput (/Users/charlie/Desktop/loveAPI/functions/node_modules/@google-cloud/firestore/build/src/serializer.js:260:15)
[info] >      at validateDocumentData (/Users/charlie/Desktop/loveAPI/functions/node_modules/@google-cloud/firestore/build/src/write-batch.js:620:22)
[info] >      at WriteBatch.create (/Users/charlie/Desktop/loveAPI/functions/node_modules/@google-cloud/firestore/build/src/write-batch.js:141:9)
[info] >      at DocumentReference.create (/Users/charlie/Desktop/loveAPI/functions/node_modules/@google-cloud/firestore/build/src/reference.js:282:14)
[info] >      at /Users/charlie/Desktop/loveAPI/functions/index.js:28:14
[info] >      at app.post (/Users/charlie/Desktop/loveAPI/functions/index.js:34:7)
[info] >      at Layer.handle [as handle_request] (/Users/charlie/Desktop/loveAPI/functions/node_modules/express/lib/router/layer.js:95:5)
[info] >      at next (/Users/charlie/Desktop/loveAPI/functions/node_modules/express/lib/router/route.js:137:13)
[info] >      at Route.dispatch (/Users/charlie/Desktop/loveAPI/functions/node_modules/express/lib/router/route.js:112:3)
[info] >      at Layer.handle [as handle_request] (/Users/charlie/Desktop/loveAPI/functions/node_modules/express/lib/router/layer.js:95:5)
[info] i  functions: Finished "app" in ~1s
[debug] [2020-02-02T07:00:18.502Z] [worker-app-6c977bf6-4e30-4e3b-9355-b0c554d3f2b0]: IDLE
[debug] [2020-02-02T07:00:18.502Z] [work-queue] {"queueLength":0,"workRunningCount":0}
[debug] [2020-02-02T07:03:59.641Z] [work-queue] {"queueLength":1,"workRunningCount":0}
[debug] [2020-02-02T07:03:59.644Z] [work-queue] {"queueLength":0,"workRunningCount":1}
[debug] [2020-02-02T07:03:59.645Z] Accepted request POST /loveapi/us-central1/app/api/create --> app
[debug] [2020-02-02T07:03:59.645Z] [worker-pool] submitWork(triggerId=app)
[debug] [2020-02-02T07:03:59.646Z] [worker-app-6c977bf6-4e30-4e3b-9355-b0c554d3f2b0]: Assigning socketPath: /var/folders/3p/bpg6nqtn76qfmqkt1qtjwgr40000gn/T/fire_emu_73775.sock
[debug] [2020-02-02T07:03:59.646Z] [worker-app-6c977bf6-4e30-4e3b-9355-b0c554d3f2b0]: BUSY
[debug] [2020-02-02T07:03:59.670Z] [runtime-status] [73775] Trigger "app" has been found, beginning invocation!
[info] i  functions: Beginning execution of "app"
[debug] [2020-02-02T07:03:59.674Z] [runtime-status] [73775] triggerDefinition {"httpsTrigger":{},"name":"app","entryPoint":"app"}
[debug] [2020-02-02T07:03:59.674Z] [runtime-status] [73775] Running app in mode HTTPS
[debug] [2020-02-02T07:03:59.679Z] [runtime-status] [73775] Attempting to listen to socketPath: /var/folders/3p/bpg6nqtn76qfmqkt1qtjwgr40000gn/T/fire_emu_73775.sock
[debug] [2020-02-02T07:03:59.769Z] [functions] Runtime ready! Sending request!
[debug] [2020-02-02T07:04:00.099Z] [runtime-status] [73775] Ephemeral server handling POST request
[info] >  Error: Value for argument "data" is not a valid Firestore document. Cannot use "undefined" as a Firestore value (found in field "item").
[info] >      at Object.validateUserInput (/Users/charlie/Desktop/loveAPI/functions/node_modules/@google-cloud/firestore/build/src/serializer.js:260:15)
[info] >      at validateDocumentData (/Users/charlie/Desktop/loveAPI/functions/node_modules/@google-cloud/firestore/build/src/write-batch.js:620:22)
[info] >      at WriteBatch.create (/Users/charlie/Desktop/loveAPI/functions/node_modules/@google-cloud/firestore/build/src/write-batch.js:141:9)
[info] >      at DocumentReference.create (/Users/charlie/Desktop/loveAPI/functions/node_modules/@google-cloud/firestore/build/src/reference.js:282:14)
[info] >      at /Users/charlie/Desktop/loveAPI/functions/index.js:28:14
[info] >      at app.post (/Users/charlie/Desktop/loveAPI/functions/index.js:34:7)
[info] >      at Layer.handle [as handle_request] (/Users/charlie/Desktop/loveAPI/functions/node_modules/express/lib/router/layer.js:95:5)
[info] >      at next (/Users/charlie/Desktop/loveAPI/functions/node_modules/express/lib/router/route.js:137:13)
[info] >      at Route.dispatch (/Users/charlie/Desktop/loveAPI/functions/node_modules/express/lib/router/route.js:112:3)
[info] >      at Layer.handle [as handle_request] (/Users/charlie/Desktop/loveAPI/functions/node_modules/express/lib/router/layer.js:95:5)
[debug] [2020-02-02T07:04:00.167Z] [runtime-status] [73775] Ephemeral server survived.
[info] i  functions: Finished "app" in ~1s
[debug] [2020-02-02T07:04:00.175Z] [worker-app-6c977bf6-4e30-4e3b-9355-b0c554d3f2b0]: IDLE
[debug] [2020-02-02T07:04:00.175Z] [work-queue] {"queueLength":0,"workRunningCount":0}
[debug] [2020-02-02T07:04:18.942Z] [work-queue] {"queueLength":1,"workRunningCount":0}
[debug] [2020-02-02T07:04:18.942Z] [work-queue] {"queueLength":0,"workRunningCount":1}
[debug] [2020-02-02T07:04:18.942Z] Accepted request POST /loveapi/us-central1/app/api/create --> app
[debug] [2020-02-02T07:04:18.942Z] [worker-pool] submitWork(triggerId=app)
[debug] [2020-02-02T07:04:18.942Z] [worker-app-6c977bf6-4e30-4e3b-9355-b0c554d3f2b0]: Assigning socketPath: /var/folders/3p/bpg6nqtn76qfmqkt1qtjwgr40000gn/T/fire_emu_73775.sock
[debug] [2020-02-02T07:04:18.942Z] [worker-app-6c977bf6-4e30-4e3b-9355-b0c554d3f2b0]: BUSY
[debug] [2020-02-02T07:04:18.944Z] [runtime-status] [73775] Trigger "app" has been found, beginning invocation!
[info] i  functions: Beginning execution of "app"
[debug] [2020-02-02T07:04:18.944Z] [runtime-status] [73775] triggerDefinition {"httpsTrigger":{},"name":"app","entryPoint":"app"}
[debug] [2020-02-02T07:04:18.945Z] [runtime-status] [73775] Running app in mode HTTPS
[debug] [2020-02-02T07:04:18.945Z] [runtime-status] [73775] Attempting to listen to socketPath: /var/folders/3p/bpg6nqtn76qfmqkt1qtjwgr40000gn/T/fire_emu_73775.sock
[debug] [2020-02-02T07:04:18.962Z] [functions] Runtime ready! Sending request!
[debug] [2020-02-02T07:04:18.968Z] [runtime-status] [73775] Ephemeral server handling POST request
[debug] [2020-02-02T07:04:18.971Z] [runtime-status] [73775] Ephemeral server survived.
[info] i  functions: Finished "app" in ~2s
[debug] [2020-02-02T07:04:21.482Z] [worker-app-6c977bf6-4e30-4e3b-9355-b0c554d3f2b0]: IDLE
[debug] [2020-02-02T07:04:21.483Z] [work-queue] {"queueLength":0,"workRunningCount":0}
[debug] [2020-02-02T07:05:10.178Z] File /Users/charlie/Desktop/loveAPI/functions/index.js changed, reloading triggers
[debug] [2020-02-02T07:05:11.184Z] [worker-pool] Shutting down IDLE worker (~diagnostic~)
[debug] [2020-02-02T07:05:11.184Z] [worker-~diagnostic~-413ea1ed-eb3a-4cf3-ae5d-713fd28e352a]: FINISHING
[debug] [2020-02-02T07:05:11.185Z] [worker-pool] Shutting down IDLE worker (app)
[debug] [2020-02-02T07:05:11.185Z] [worker-app-6c977bf6-4e30-4e3b-9355-b0c554d3f2b0]: FINISHING
[debug] [2020-02-02T07:05:11.257Z] [worker-pool] addWorker(~diagnostic~)
[debug] [2020-02-02T07:05:11.258Z] [worker-pool] Adding worker with key ~diagnostic~, total=2
[debug] [2020-02-02T07:05:11.258Z] [worker-pool] submitWork(triggerId=)
[debug] [2020-02-02T07:05:11.258Z] [worker-~diagnostic~-a923841c-78bc-4477-b9a6-ef494e31e898]: Assigning socketPath: /var/folders/3p/bpg6nqtn76qfmqkt1qtjwgr40000gn/T/fire_emu_73936.sock
[debug] [2020-02-02T07:05:11.258Z] [worker-~diagnostic~-a923841c-78bc-4477-b9a6-ef494e31e898]: BUSY
[debug] [2020-02-02T07:05:11.260Z] [worker-~diagnostic~-413ea1ed-eb3a-4cf3-ae5d-713fd28e352a]: exited
[debug] [2020-02-02T07:05:11.260Z] [worker-~diagnostic~-413ea1ed-eb3a-4cf3-ae5d-713fd28e352a]: FINISHED
[debug] [2020-02-02T07:05:11.260Z] [worker-app-6c977bf6-4e30-4e3b-9355-b0c554d3f2b0]: exited
[debug] [2020-02-02T07:05:11.261Z] [worker-app-6c977bf6-4e30-4e3b-9355-b0c554d3f2b0]: FINISHED
[debug] [2020-02-02T07:05:17.214Z] [runtime-status] [73936] Functions runtime initialized. {"cwd":"/Users/charlie/Desktop/loveAPI/functions","node_version":"10.16.3"}
[debug] [2020-02-02T07:05:17.219Z] [runtime-status] [73936] Disabled runtime features: {"functions_config_helper":true,"network_filtering":true,"timeout":true,"memory_limiting":true,"admin_stubs":true,"pubsub_emulator":true}
[debug] [2020-02-02T07:05:17.330Z] [runtime-status] [73936] Resolved module firebase-admin {"declared":true,"installed":true,"version":"8.9.2","resolution":"/Users/charlie/Desktop/loveAPI/functions/node_modules/firebase-admin/lib/index.js"}
[debug] [2020-02-02T07:05:17.332Z] [runtime-status] [73936] Resolved module firebase-functions {"declared":true,"installed":true,"version":"3.3.0","resolution":"/Users/charlie/Desktop/loveAPI/functions/node_modules/firebase-functions/lib/index.js"}
[debug] [2020-02-02T07:05:17.334Z] [runtime-status] [73936] Resolved module firebase-functions {"declared":true,"installed":true,"version":"3.3.0","resolution":"/Users/charlie/Desktop/loveAPI/functions/node_modules/firebase-functions/lib/index.js"}
[debug] [2020-02-02T07:05:30.874Z] [worker-~diagnostic~-a923841c-78bc-4477-b9a6-ef494e31e898]: IDLE
[debug] [2020-02-02T07:07:37.897Z] [work-queue] {"queueLength":1,"workRunningCount":0}
[debug] [2020-02-02T07:07:37.904Z] [work-queue] {"queueLength":0,"workRunningCount":1}
[debug] [2020-02-02T07:07:37.904Z] Accepted request POST /loveapi/us-central1/app/api/create --> app
[debug] [2020-02-02T07:07:37.905Z] [worker-pool] Cleaned up workers for ~diagnostic~: 2 --> 1
[debug] [2020-02-02T07:07:37.905Z] [worker-pool] Cleaned up workers for app: 1 --> 0
[debug] [2020-02-02T07:07:37.950Z] [worker-pool] addWorker(app)
[debug] [2020-02-02T07:07:37.951Z] [worker-pool] Adding worker with key app, total=1
[debug] [2020-02-02T07:07:37.951Z] [worker-pool] submitWork(triggerId=app)
[debug] [2020-02-02T07:07:37.951Z] [worker-app-8da429b7-c3c4-4a06-89cc-4ddc232b4fc3]: Assigning socketPath: /var/folders/3p/bpg6nqtn76qfmqkt1qtjwgr40000gn/T/fire_emu_73977.sock
[debug] [2020-02-02T07:07:37.951Z] [worker-app-8da429b7-c3c4-4a06-89cc-4ddc232b4fc3]: BUSY
[debug] [2020-02-02T07:07:54.599Z] [runtime-status] [73977] Functions runtime initialized. {"cwd":"/Users/charlie/Desktop/loveAPI/functions","node_version":"10.16.3"}
[debug] [2020-02-02T07:07:54.600Z] [runtime-status] [73977] Disabled runtime features: {"functions_config_helper":true,"network_filtering":true,"timeout":true,"memory_limiting":true,"admin_stubs":true,"pubsub_emulator":true}
[debug] [2020-02-02T07:07:54.665Z] [runtime-status] [73977] Resolved module firebase-admin {"declared":true,"installed":true,"version":"8.9.2","resolution":"/Users/charlie/Desktop/loveAPI/functions/node_modules/firebase-admin/lib/index.js"}
[debug] [2020-02-02T07:07:54.711Z] [runtime-status] [73977] Resolved module firebase-functions {"declared":true,"installed":true,"version":"3.3.0","resolution":"/Users/charlie/Desktop/loveAPI/functions/node_modules/firebase-functions/lib/index.js"}
[debug] [2020-02-02T07:07:54.711Z] [runtime-status] [73977] Resolved module firebase-functions {"declared":true,"installed":true,"version":"3.3.0","resolution":"/Users/charlie/Desktop/loveAPI/functions/node_modules/firebase-functions/lib/index.js"}
[debug] [2020-02-02T07:08:17.164Z] [runtime-status] [73977] Trigger "app" has been found, beginning invocation!
[info] i  functions: Beginning execution of "app"
[debug] [2020-02-02T07:08:17.166Z] [runtime-status] [73977] triggerDefinition {"httpsTrigger":{},"name":"app","entryPoint":"app"}
[debug] [2020-02-02T07:08:17.166Z] [runtime-status] [73977] Running app in mode HTTPS
[debug] [2020-02-02T07:08:17.169Z] [runtime-status] [73977] Attempting to listen to socketPath: /var/folders/3p/bpg6nqtn76qfmqkt1qtjwgr40000gn/T/fire_emu_73977.sock
[debug] [2020-02-02T07:08:17.242Z] [functions] Runtime ready! Sending request!
[info] >  SyntaxError: Unexpected token b in JSON at position 21
[info] >      at JSON.parse (<anonymous>)
[info] >      at parse (/Users/charlie/.npm-global/lib/node_modules/firebase-tools/node_modules/body-parser/lib/types/json.js:89:19)
[info] >      at /Users/charlie/.npm-global/lib/node_modules/firebase-tools/node_modules/body-parser/lib/read.js:121:18
[info] >      at invokeCallback (/Users/charlie/.npm-global/lib/node_modules/firebase-tools/node_modules/raw-body/index.js:224:16)
[info] >      at done (/Users/charlie/.npm-global/lib/node_modules/firebase-tools/node_modules/raw-body/index.js:213:7)
[info] >      at IncomingMessage.onEnd (/Users/charlie/.npm-global/lib/node_modules/firebase-tools/node_modules/raw-body/index.js:273:7)
[info] >      at IncomingMessage.emit (events.js:203:15)
[info] >      at endReadableNT (_stream_readable.js:1145:12)
[info] >      at process._tickCallback (internal/process/next_tick.js:63:19)
[debug] [2020-02-02T07:10:03.435Z] [work-queue] {"queueLength":1,"workRunningCount":1}
[debug] [2020-02-02T07:10:03.440Z] [work-queue] {"queueLength":0,"workRunningCount":2}
[debug] [2020-02-02T07:10:03.440Z] Accepted request POST /loveapi/us-central1/app/api/create --> app
[debug] [2020-02-02T07:10:03.578Z] [worker-pool] addWorker(app)
[debug] [2020-02-02T07:10:03.578Z] [worker-pool] Adding worker with key app, total=2
[debug] [2020-02-02T07:10:03.578Z] [worker-pool] submitWork(triggerId=app)
[debug] [2020-02-02T07:10:03.579Z] [worker-app-f3b5cbe2-8099-4ad8-954d-a647c85f4747]: Assigning socketPath: /var/folders/3p/bpg6nqtn76qfmqkt1qtjwgr40000gn/T/fire_emu_74014.sock
[debug] [2020-02-02T07:10:03.579Z] [worker-app-f3b5cbe2-8099-4ad8-954d-a647c85f4747]: BUSY
[debug] [2020-02-02T07:10:10.681Z] [runtime-status] [74014] Functions runtime initialized. {"cwd":"/Users/charlie/Desktop/loveAPI/functions","node_version":"10.16.3"}
[debug] [2020-02-02T07:10:10.691Z] [runtime-status] [74014] Disabled runtime features: {"functions_config_helper":true,"network_filtering":true,"timeout":true,"memory_limiting":true,"admin_stubs":true,"pubsub_emulator":true}
[debug] [2020-02-02T07:10:10.728Z] [runtime-status] [74014] Resolved module firebase-admin {"declared":true,"installed":true,"version":"8.9.2","resolution":"/Users/charlie/Desktop/loveAPI/functions/node_modules/firebase-admin/lib/index.js"}
[debug] [2020-02-02T07:10:10.730Z] [runtime-status] [74014] Resolved module firebase-functions {"declared":true,"installed":true,"version":"3.3.0","resolution":"/Users/charlie/Desktop/loveAPI/functions/node_modules/firebase-functions/lib/index.js"}
[debug] [2020-02-02T07:10:10.732Z] [runtime-status] [74014] Resolved module firebase-functions {"declared":true,"installed":true,"version":"3.3.0","resolution":"/Users/charlie/Desktop/loveAPI/functions/node_modules/firebase-functions/lib/index.js"}
[debug] [2020-02-02T07:10:16.979Z] [runtime-status] [74014] Trigger "app" has been found, beginning invocation!
[info] i  functions: Beginning execution of "app"
[debug] [2020-02-02T07:10:16.981Z] [runtime-status] [74014] triggerDefinition {"httpsTrigger":{},"name":"app","entryPoint":"app"}
[debug] [2020-02-02T07:10:16.986Z] [runtime-status] [74014] Running app in mode HTTPS
[debug] [2020-02-02T07:10:16.986Z] [runtime-status] [74014] Attempting to listen to socketPath: /var/folders/3p/bpg6nqtn76qfmqkt1qtjwgr40000gn/T/fire_emu_74014.sock
[debug] [2020-02-02T07:10:17.055Z] [functions] Runtime ready! Sending request!
[debug] [2020-02-02T07:10:17.332Z] [runtime-status] [74014] Ephemeral server handling POST request
[debug] [2020-02-02T07:10:17.344Z] [runtime-status] [74014] Ephemeral server survived.
[info] >  created
[info] i  functions: Finished "app" in ~1s
[debug] [2020-02-02T07:10:18.834Z] [worker-app-f3b5cbe2-8099-4ad8-954d-a647c85f4747]: IDLE
[debug] [2020-02-02T07:10:18.835Z] [work-queue] {"queueLength":0,"workRunningCount":1}
